[INFO] Scanning for projects...
[INFO] 
[INFO] ----------------< org.revature.revconnect:post-service >----------------
[INFO] Building Post Service 1.0.0
[INFO]   from pom.xml
[INFO] --------------------------------[ jar ]---------------------------------
[INFO] 
[INFO] >>> spring-boot:3.2.2:run (default-cli) > test-compile @ post-service >>>
[INFO] 
[INFO] --- resources:3.3.1:resources (default-resources) @ post-service ---
[INFO] Copying 1 resource from src\main\resources to target\classes
[INFO] Copying 0 resource from src\main\resources to target\classes
[INFO] 
[INFO] --- compiler:3.11.0:compile (default-compile) @ post-service ---
[INFO] Nothing to compile - all classes are up to date
[INFO] 
[INFO] --- resources:3.3.1:testResources (default-testResources) @ post-service ---
[INFO] skip non existing resourceDirectory D:\Microservices\post-service\src\test\resources
[INFO] 
[INFO] --- compiler:3.11.0:testCompile (default-testCompile) @ post-service ---
[INFO] No sources to compile
[INFO] 
[INFO] <<< spring-boot:3.2.2:run (default-cli) < test-compile @ post-service <<<
[INFO] 
[INFO] 
[INFO] --- spring-boot:3.2.2:run (default-cli) @ post-service ---
[INFO] Attaching agents: []

  .   ____          _            __ _ _
 /\\ / ___'_ __ _ _(_)_ __  __ _ \ \ \ \
( ( )\___ | '_ | '_| | '_ \/ _` | \ \ \ \
 \\/  ___)| |_)| | | | | || (_| |  ) ) ) )
  '  |____| .__|_| |_|_| |_\__, | / / / /
 =========|_|==============|___/=/_/_/_/
 :: Spring Boot ::                (v3.2.2)

2026-03-14T19:53:30.690+05:30  INFO 30020 --- [post-service] [           main] o.r.r.p.PostServiceApplication           : Starting PostServiceApplication using Java 17.0.18 with PID 30020 (D:\Microservices\post-service\target\classes started by pavan in D:\Microservices\post-service)
2026-03-14T19:53:30.692+05:30 DEBUG 30020 --- [post-service] [           main] o.r.r.p.PostServiceApplication           : Running with Spring Boot v3.2.2, Spring v6.1.3
2026-03-14T19:53:30.693+05:30  INFO 30020 --- [post-service] [           main] o.r.r.p.PostServiceApplication           : No active profile set, falling back to 1 default profile: "default"
2026-03-14T19:53:30.769+05:30  INFO 30020 --- [post-service] [           main] o.s.c.c.c.ConfigServerConfigDataLoader   : Fetching config from server at : http://localhost:8888
2026-03-14T19:53:30.769+05:30  INFO 30020 --- [post-service] [           main] o.s.c.c.c.ConfigServerConfigDataLoader   : Located environment: name=post-service, profiles=[default], label=null, version=null, state=null
2026-03-14T19:53:32.527+05:30  INFO 30020 --- [post-service] [           main] .s.d.r.c.RepositoryConfigurationDelegate : Bootstrapping Spring Data JPA repositories in DEFAULT mode.
2026-03-14T19:53:32.727+05:30  INFO 30020 --- [post-service] [           main] .s.d.r.c.RepositoryConfigurationDelegate : Finished Spring Data repository scanning in 188 ms. Found 3 JPA repository interfaces.
2026-03-14T19:53:33.100+05:30  INFO 30020 --- [post-service] [           main] o.s.cloud.context.scope.GenericScope     : BeanFactory id=7b05ed52-9f68-37fe-9566-c59a83ee628c
2026-03-14T19:53:33.538+05:30  WARN 30020 --- [post-service] [           main] trationDelegate$BeanPostProcessorChecker : Bean 'org.springframework.cloud.client.loadbalancer.LoadBalancerAutoConfiguration$LoadBalancerInterceptorConfig' of type [org.springframework.cloud.client.loadbalancer.LoadBalancerAutoConfiguration$LoadBalancerInterceptorConfig] is not eligible for getting processed by all BeanPostProcessors (for example: not eligible for auto-proxying). The currently created BeanPostProcessor [lbRestClientPostProcessor] is declared through a non-static factory method on that class; consider declaring it as static instead.
2026-03-14T19:53:33.543+05:30  WARN 30020 --- [post-service] [           main] trationDelegate$BeanPostProcessorChecker : Bean 'org.springframework.cloud.loadbalancer.config.BlockingLoadBalancerClientAutoConfiguration' of type [org.springframework.cloud.loadbalancer.config.BlockingLoadBalancerClientAutoConfiguration] is not eligible for getting processed by all BeanPostProcessors (for example: not eligible for auto-proxying). Is this bean getting eagerly injected into a currently created BeanPostProcessor [lbRestClientPostProcessor]? Check the corresponding BeanPostProcessor declaration and its dependencies.
2026-03-14T19:53:33.549+05:30  WARN 30020 --- [post-service] [           main] trationDelegate$BeanPostProcessorChecker : Bean 'org.springframework.cloud.loadbalancer.config.LoadBalancerAutoConfiguration' of type [org.springframework.cloud.loadbalancer.config.LoadBalancerAutoConfiguration] is not eligible for getting processed by all BeanPostProcessors (for example: not eligible for auto-proxying). Is this bean getting eagerly injected into a currently created BeanPostProcessor [lbRestClientPostProcessor]? Check the corresponding BeanPostProcessor declaration and its dependencies.
2026-03-14T19:53:33.567+05:30  WARN 30020 --- [post-service] [           main] trationDelegate$BeanPostProcessorChecker : Bean 'org.springframework.cloud.commons.config.CommonsConfigAutoConfiguration' of type [org.springframework.cloud.commons.config.CommonsConfigAutoConfiguration] is not eligible for getting processed by all BeanPostProcessors (for example: not eligible for auto-proxying). Is this bean getting eagerly injected into a currently created BeanPostProcessor [lbRestClientPostProcessor]? Check the corresponding BeanPostProcessor declaration and its dependencies.
2026-03-14T19:53:33.573+05:30  WARN 30020 --- [post-service] [           main] trationDelegate$BeanPostProcessorChecker : Bean 'org.springframework.cloud.client.loadbalancer.LoadBalancerDefaultMappingsProviderAutoConfiguration' of type [org.springframework.cloud.client.loadbalancer.LoadBalancerDefaultMappingsProviderAutoConfiguration] is not eligible for getting processed by all BeanPostProcessors (for example: not eligible for auto-proxying). Is this bean getting eagerly injected into a currently created BeanPostProcessor [lbRestClientPostProcessor]? Check the corresponding BeanPostProcessor declaration and its dependencies.
2026-03-14T19:53:33.576+05:30  WARN 30020 --- [post-service] [           main] trationDelegate$BeanPostProcessorChecker : Bean 'loadBalancerClientsDefaultsMappingsProvider' of type [org.springframework.cloud.client.loadbalancer.LoadBalancerDefaultMappingsProviderAutoConfiguration$$Lambda$662/0x00000151174d8590] is not eligible for getting processed by all BeanPostProcessors (for example: not eligible for auto-proxying). Is this bean getting eagerly injected into a currently created BeanPostProcessor [lbRestClientPostProcessor]? Check the corresponding BeanPostProcessor declaration and its dependencies.
2026-03-14T19:53:33.579+05:30  WARN 30020 --- [post-service] [           main] trationDelegate$BeanPostProcessorChecker : Bean 'defaultsBindHandlerAdvisor' of type [org.springframework.cloud.commons.config.DefaultsBindHandlerAdvisor] is not eligible for getting processed by all BeanPostProcessors (for example: not eligible for auto-proxying). Is this bean getting eagerly injected into a currently created BeanPostProcessor [lbRestClientPostProcessor]? Check the corresponding BeanPostProcessor declaration and its dependencies.
2026-03-14T19:53:33.590+05:30  WARN 30020 --- [post-service] [           main] trationDelegate$BeanPostProcessorChecker : Bean 'spring.cloud.loadbalancer-org.springframework.cloud.client.loadbalancer.LoadBalancerClientsProperties' of type [org.springframework.cloud.client.loadbalancer.LoadBalancerClientsProperties] is not eligible for getting processed by all BeanPostProcessors (for example: not eligible for auto-proxying). Is this bean getting eagerly injected into a currently created BeanPostProcessor [lbRestClientPostProcessor]? Check the corresponding BeanPostProcessor declaration and its dependencies.
2026-03-14T19:53:33.600+05:30  WARN 30020 --- [post-service] [           main] trationDelegate$BeanPostProcessorChecker : Bean 'default.org.springframework.cloud.loadbalancer.config.LoadBalancerAutoConfiguration.LoadBalancerClientSpecification' of type [org.springframework.cloud.loadbalancer.annotation.LoadBalancerClientSpecification] is not eligible for getting processed by all BeanPostProcessors (for example: not eligible for auto-proxying). Is this bean getting eagerly injected into a currently created BeanPostProcessor [lbRestClientPostProcessor]? Check the corresponding BeanPostProcessor declaration and its dependencies.
2026-03-14T19:53:33.604+05:30  WARN 30020 --- [post-service] [           main] trationDelegate$BeanPostProcessorChecker : Bean 'default.org.springframework.cloud.loadbalancer.config.BlockingLoadBalancerClientAutoConfiguration.LoadBalancerClientSpecification' of type [org.springframework.cloud.loadbalancer.annotation.LoadBalancerClientSpecification] is not eligible for getting processed by all BeanPostProcessors (for example: not eligible for auto-proxying). Is this bean getting eagerly injected into a currently created BeanPostProcessor [lbRestClientPostProcessor]? Check the corresponding BeanPostProcessor declaration and its dependencies.
2026-03-14T19:53:33.606+05:30  WARN 30020 --- [post-service] [           main] trationDelegate$BeanPostProcessorChecker : Bean 'default.org.springframework.cloud.netflix.eureka.loadbalancer.LoadBalancerEurekaAutoConfiguration.LoadBalancerClientSpecification' of type [org.springframework.cloud.loadbalancer.annotation.LoadBalancerClientSpecification] is not eligible for getting processed by all BeanPostProcessors (for example: not eligible for auto-proxying). Is this bean getting eagerly injected into a currently created BeanPostProcessor [lbRestClientPostProcessor]? Check the corresponding BeanPostProcessor declaration and its dependencies.
2026-03-14T19:53:33.608+05:30  WARN 30020 --- [post-service] [           main] trationDelegate$BeanPostProcessorChecker : Bean 'loadBalancerClientFactory' of type [org.springframework.cloud.loadbalancer.support.LoadBalancerClientFactory] is not eligible for getting processed by all BeanPostProcessors (for example: not eligible for auto-proxying). Is this bean getting eagerly injected into a currently created BeanPostProcessor [lbRestClientPostProcessor]? Check the corresponding BeanPostProcessor declaration and its dependencies.
2026-03-14T19:53:33.620+05:30  WARN 30020 --- [post-service] [           main] trationDelegate$BeanPostProcessorChecker : Bean 'blockingLoadBalancerClient' of type [org.springframework.cloud.loadbalancer.blocking.client.BlockingLoadBalancerClient] is not eligible for getting processed by all BeanPostProcessors (for example: not eligible for auto-proxying). Is this bean getting eagerly injected into a currently created BeanPostProcessor [lbRestClientPostProcessor]? Check the corresponding BeanPostProcessor declaration and its dependencies.
2026-03-14T19:53:33.660+05:30  WARN 30020 --- [post-service] [           main] trationDelegate$BeanPostProcessorChecker : Bean 'loadBalancerServiceInstanceCookieTransformer' of type [org.springframework.cloud.loadbalancer.core.LoadBalancerServiceInstanceCookieTransformer] is not eligible for getting processed by all BeanPostProcessors (for example: not eligible for auto-proxying). Is this bean getting eagerly injected into a currently created BeanPostProcessor [lbRestClientPostProcessor]? Check the corresponding BeanPostProcessor declaration and its dependencies.
2026-03-14T19:53:33.664+05:30  WARN 30020 --- [post-service] [           main] trationDelegate$BeanPostProcessorChecker : Bean 'xForwarderHeadersTransformer' of type [org.springframework.cloud.loadbalancer.blocking.XForwardedHeadersTransformer] is not eligible for getting processed by all BeanPostProcessors (for example: not eligible for auto-proxying). Is this bean getting eagerly injected into a currently created BeanPostProcessor [lbRestClientPostProcessor]? Check the corresponding BeanPostProcessor declaration and its dependencies.
2026-03-14T19:53:33.666+05:30  WARN 30020 --- [post-service] [           main] trationDelegate$BeanPostProcessorChecker : Bean 'org.springframework.cloud.client.loadbalancer.LoadBalancerAutoConfiguration' of type [org.springframework.cloud.client.loadbalancer.LoadBalancerAutoConfiguration] is not eligible for getting processed by all BeanPostProcessors (for example: not eligible for auto-proxying). Is this bean getting eagerly injected into a currently created BeanPostProcessor [lbRestClientPostProcessor]? Check the corresponding BeanPostProcessor declaration and its dependencies.
2026-03-14T19:53:33.670+05:30  WARN 30020 --- [post-service] [           main] trationDelegate$BeanPostProcessorChecker : Bean 'loadBalancerRequestFactory' of type [org.springframework.cloud.client.loadbalancer.LoadBalancerRequestFactory] is not eligible for getting processed by all BeanPostProcessors (for example: not eligible for auto-proxying). Is this bean getting eagerly injected into a currently created BeanPostProcessor [lbRestClientPostProcessor]? Check the corresponding BeanPostProcessor declaration and its dependencies.
2026-03-14T19:53:33.671+05:30  WARN 30020 --- [post-service] [           main] trationDelegate$BeanPostProcessorChecker : Bean 'loadBalancerInterceptor' of type [org.springframework.cloud.client.loadbalancer.LoadBalancerInterceptor] is not eligible for getting processed by all BeanPostProcessors (for example: not eligible for auto-proxying). Is this bean getting eagerly injected into a currently created BeanPostProcessor [lbRestClientPostProcessor]? Check the corresponding BeanPostProcessor declaration and its dependencies.
2026-03-14T19:53:34.114+05:30  INFO 30020 --- [post-service] [           main] o.s.b.w.embedded.tomcat.TomcatWebServer  : Tomcat initialized with port 8082 (http)
2026-03-14T19:53:34.123+05:30  INFO 30020 --- [post-service] [           main] o.apache.catalina.core.StandardService   : Starting service [Tomcat]
2026-03-14T19:53:34.123+05:30  INFO 30020 --- [post-service] [           main] o.apache.catalina.core.StandardEngine    : Starting Servlet engine: [Apache Tomcat/10.1.18]
2026-03-14T19:53:34.206+05:30  INFO 30020 --- [post-service] [           main] o.a.c.c.C.[Tomcat].[localhost].[/]       : Initializing Spring embedded WebApplicationContext
2026-03-14T19:53:34.207+05:30  INFO 30020 --- [post-service] [           main] w.s.c.ServletWebServerApplicationContext : Root WebApplicationContext: initialization completed in 3433 ms
2026-03-14T19:53:34.679+05:30  INFO 30020 --- [post-service] [           main] o.hibernate.jpa.internal.util.LogHelper  : HHH000204: Processing PersistenceUnitInfo [name: default]
2026-03-14T19:53:34.746+05:30  INFO 30020 --- [post-service] [           main] org.hibernate.Version                    : HHH000412: Hibernate ORM core version 6.4.1.Final
2026-03-14T19:53:34.786+05:30  INFO 30020 --- [post-service] [           main] o.h.c.internal.RegionFactoryInitiator    : HHH000026: Second-level cache disabled
2026-03-14T19:53:34.991+05:30  INFO 30020 --- [post-service] [           main] o.s.o.j.p.SpringPersistenceUnitInfo      : No LoadTimeWeaver setup: ignoring JPA class transformer
2026-03-14T19:53:35.025+05:30  INFO 30020 --- [post-service] [           main] com.zaxxer.hikari.HikariDataSource       : HikariPool-1 - Starting...
2026-03-14T19:53:35.514+05:30  INFO 30020 --- [post-service] [           main] com.zaxxer.hikari.pool.HikariPool        : HikariPool-1 - Added connection com.mysql.cj.jdbc.ConnectionImpl@4aadf144
2026-03-14T19:53:35.517+05:30  INFO 30020 --- [post-service] [           main] com.zaxxer.hikari.HikariDataSource       : HikariPool-1 - Start completed.
2026-03-14T19:53:35.676+05:30  WARN 30020 --- [post-service] [           main] org.hibernate.orm.deprecation            : HHH90000025: MySQLDialect does not need to be specified explicitly using 'hibernate.dialect' (remove the property setting and it will be selected by default)
2026-03-14T19:53:37.112+05:30  INFO 30020 --- [post-service] [           main] o.h.e.t.j.p.i.JtaPlatformInitiator       : HHH000489: No JTA platform available (set 'hibernate.transaction.jta.platform' to enable JTA platform integration)
Hibernate: 
    create table hashtags (
        id bigint not null auto_increment,
        name varchar(100) not null,
        post_count integer not null,
        primary key (id)
    ) engine=InnoDB
Hibernate: 
    create table post_media (
        post_id bigint not null,
        media_url varchar(255)
    ) engine=InnoDB
Hibernate: 
    create table posts (
        id bigint not null auto_increment,
        comment_count integer not null,
        content TEXT not null,
        created_at datetime(6),
        is_published bit not null,
        like_count integer not null,
        original_post_id bigint,
        pinned bit not null,
        post_type enum ('TEXT','IMAGE','VIDEO','PROMOTIONAL','REPOST') not null,
        scheduled_at datetime(6),
        share_count integer not null,
        updated_at datetime(6),
        user_id bigint not null,
        primary key (id)
    ) engine=InnoDB
Hibernate: 
    create table stories (
        id bigint not null auto_increment,
        caption varchar(280),
        created_at datetime(6) not null,
        expires_at datetime(6) not null,
        is_highlight bit not null,
        media_url varchar(500),
        user_id bigint not null,
        view_count integer not null,
        primary key (id)
    ) engine=InnoDB
Hibernate: 
    alter table hashtags 
       drop index UK_oed8qhhrhflqj7olh3oeii6ym
Hibernate: 
    alter table hashtags 
       add constraint UK_oed8qhhrhflqj7olh3oeii6ym unique (name)
Hibernate: 
    create index idx_post_user 
       on posts (user_id)
Hibernate: 
    create index idx_post_created 
       on posts (created_at)
Hibernate: 
    alter table post_media 
       add constraint FK1urcum9dtf0vgul7k405f4r2d 
       foreign key (post_id) 
       references posts (id)
2026-03-14T19:53:37.498+05:30  INFO 30020 --- [post-service] [           main] j.LocalContainerEntityManagerFactoryBean : Initialized JPA EntityManagerFactory for persistence unit 'default'
2026-03-14T19:53:38.024+05:30  INFO 30020 --- [post-service] [           main] o.s.d.j.r.query.QueryEnhancerFactory     : Hibernate is in classpath; If applicable, HQL parser will be used.
2026-03-14T19:53:38.733+05:30  WARN 30020 --- [post-service] [           main] JpaBaseConfiguration$JpaWebConfiguration : spring.jpa.open-in-view is enabled by default. Therefore, database queries may be performed during view rendering. Explicitly configure spring.jpa.open-in-view to disable this warning
2026-03-14T19:53:38.786+05:30  INFO 30020 --- [post-service] [           main] o.s.c.openfeign.FeignClientFactoryBean   : For 'user-service' URL not provided. Will try picking an instance via load-balancing.
2026-03-14T19:53:40.383+05:30  INFO 30020 --- [post-service] [           main] DiscoveryClientOptionalArgsConfiguration : Eureka HTTP Client uses RestTemplate.
2026-03-14T19:53:40.429+05:30  WARN 30020 --- [post-service] [           main] iguration$LoadBalancerCaffeineWarnLogger : Spring Cloud LoadBalancer is currently working with the default cache. While this cache implementation is useful for development and tests, it's recommended to use Caffeine cache in production.You can switch to using Caffeine cache, by adding it and org.springframework.cache.caffeine.CaffeineCacheManager to the classpath.
2026-03-14T19:53:40.444+05:30  INFO 30020 --- [post-service] [           main] o.s.b.a.e.web.EndpointLinksResolver      : Exposing 1 endpoint(s) beneath base path '/actuator'
2026-03-14T19:53:40.564+05:30  INFO 30020 --- [post-service] [           main] o.s.c.n.eureka.InstanceInfoFactory       : Setting initial instance status as: STARTING
2026-03-14T19:53:40.658+05:30  INFO 30020 --- [post-service] [           main] com.netflix.discovery.DiscoveryClient    : Initializing Eureka in region us-east-1
2026-03-14T19:53:40.667+05:30  INFO 30020 --- [post-service] [           main] c.n.d.s.r.aws.ConfigClusterResolver      : Resolving eureka endpoints via configuration
2026-03-14T19:53:40.695+05:30  INFO 30020 --- [post-service] [           main] com.netflix.discovery.DiscoveryClient    : Disable delta property : false
2026-03-14T19:53:40.696+05:30  INFO 30020 --- [post-service] [           main] com.netflix.discovery.DiscoveryClient    : Single vip registry refresh property : null
2026-03-14T19:53:40.696+05:30  INFO 30020 --- [post-service] [           main] com.netflix.discovery.DiscoveryClient    : Force full registry fetch : false
2026-03-14T19:53:40.696+05:30  INFO 30020 --- [post-service] [           main] com.netflix.discovery.DiscoveryClient    : Application is null : false
2026-03-14T19:53:40.696+05:30  INFO 30020 --- [post-service] [           main] com.netflix.discovery.DiscoveryClient    : Registered Applications size is zero : true
2026-03-14T19:53:40.696+05:30  INFO 30020 --- [post-service] [           main] com.netflix.discovery.DiscoveryClient    : Application version is -1: true
2026-03-14T19:53:40.696+05:30  INFO 30020 --- [post-service] [           main] com.netflix.discovery.DiscoveryClient    : Getting all instance registry info from the eureka server
2026-03-14T19:53:41.050+05:30  INFO 30020 --- [post-service] [           main] com.netflix.discovery.DiscoveryClient    : The response status is 200
2026-03-14T19:53:41.054+05:30  INFO 30020 --- [post-service] [           main] com.netflix.discovery.DiscoveryClient    : Starting heartbeat executor: renew interval is: 30
2026-03-14T19:53:41.057+05:30  INFO 30020 --- [post-service] [           main] c.n.discovery.InstanceInfoReplicator     : InstanceInfoReplicator onDemand update allowed rate per min is 4
2026-03-14T19:53:41.064+05:30  INFO 30020 --- [post-service] [           main] com.netflix.discovery.DiscoveryClient    : Discovery Client initialized at timestamp 1773498221063 with initial instances count: 3
2026-03-14T19:53:41.074+05:30  INFO 30020 --- [post-service] [           main] o.s.c.n.e.s.EurekaServiceRegistry        : Registering application POST-SERVICE with eureka with status UP
2026-03-14T19:53:41.076+05:30  INFO 30020 --- [post-service] [           main] com.netflix.discovery.DiscoveryClient    : Saw local status change event StatusChangeEvent [timestamp=1773498221076, current=UP, previous=STARTING]
2026-03-14T19:53:41.079+05:30  INFO 30020 --- [post-service] [nfoReplicator-0] com.netflix.discovery.DiscoveryClient    : DiscoveryClient_POST-SERVICE/192.168.0.112:post-service:8082: registering service...
2026-03-14T19:53:41.114+05:30  INFO 30020 --- [post-service] [           main] o.s.b.w.embedded.tomcat.TomcatWebServer  : Tomcat started on port 8082 (http) with context path ''
2026-03-14T19:53:41.116+05:30  INFO 30020 --- [post-service] [           main] .s.c.n.e.s.EurekaAutoServiceRegistration : Updating port to 8082
2026-03-14T19:53:41.143+05:30  INFO 30020 --- [post-service] [nfoReplicator-0] com.netflix.discovery.DiscoveryClient    : DiscoveryClient_POST-SERVICE/192.168.0.112:post-service:8082 - registration status: 204
2026-03-14T19:53:41.249+05:30  INFO 30020 --- [post-service] [           main] o.r.r.p.PostServiceApplication           : Started PostServiceApplication in 12.064 seconds (process running for 12.484)
