[INFO] Scanning for projects...
[INFO] 
[INFO] ----------------< org.revature.revconnect:feed-service >----------------
[INFO] Building Feed Service 1.0.0
[INFO]   from pom.xml
[INFO] --------------------------------[ jar ]---------------------------------
[INFO] 
[INFO] >>> spring-boot:3.2.2:run (default-cli) > test-compile @ feed-service >>>
[INFO] 
[INFO] --- resources:3.3.1:resources (default-resources) @ feed-service ---
[INFO] Copying 1 resource from src\main\resources to target\classes
[INFO] Copying 0 resource from src\main\resources to target\classes
[INFO] 
[INFO] --- compiler:3.11.0:compile (default-compile) @ feed-service ---
[INFO] Nothing to compile - all classes are up to date
[INFO] 
[INFO] --- resources:3.3.1:testResources (default-testResources) @ feed-service ---
[INFO] skip non existing resourceDirectory D:\Microservices\feed-service\src\test\resources
[INFO] 
[INFO] --- compiler:3.11.0:testCompile (default-testCompile) @ feed-service ---
[INFO] No sources to compile
[INFO] 
[INFO] <<< spring-boot:3.2.2:run (default-cli) < test-compile @ feed-service <<<
[INFO] 
[INFO] 
[INFO] --- spring-boot:3.2.2:run (default-cli) @ feed-service ---
[INFO] Attaching agents: []

  .   ____          _            __ _ _
 /\\ / ___'_ __ _ _(_)_ __  __ _ \ \ \ \
( ( )\___ | '_ | '_| | '_ \/ _` | \ \ \ \
 \\/  ___)| |_)| | | | | || (_| |  ) ) ) )
  '  |____| .__|_| |_|_| |_\__, | / / / /
 =========|_|==============|___/=/_/_/_/
 :: Spring Boot ::                (v3.2.2)

2026-03-14T19:54:14.287+05:30  INFO 22576 --- [feed-service] [           main] o.r.r.f.FeedServiceApplication           : Starting FeedServiceApplication using Java 17.0.18 with PID 22576 (D:\Microservices\feed-service\target\classes started by pavan in D:\Microservices\feed-service)
2026-03-14T19:54:14.288+05:30 DEBUG 22576 --- [feed-service] [           main] o.r.r.f.FeedServiceApplication           : Running with Spring Boot v3.2.2, Spring v6.1.3
2026-03-14T19:54:14.289+05:30  INFO 22576 --- [feed-service] [           main] o.r.r.f.FeedServiceApplication           : No active profile set, falling back to 1 default profile: "default"
2026-03-14T19:54:14.337+05:30  INFO 22576 --- [feed-service] [           main] o.s.c.c.c.ConfigServerConfigDataLoader   : Fetching config from server at : http://localhost:8888
2026-03-14T19:54:14.337+05:30  INFO 22576 --- [feed-service] [           main] o.s.c.c.c.ConfigServerConfigDataLoader   : Located environment: name=feed-service, profiles=[default], label=null, version=null, state=null
2026-03-14T19:54:15.927+05:30  INFO 22576 --- [feed-service] [           main] o.s.cloud.context.scope.GenericScope     : BeanFactory id=d30142aa-f6b3-3564-9d0e-510c699c9634
2026-03-14T19:54:16.419+05:30  WARN 22576 --- [feed-service] [           main] trationDelegate$BeanPostProcessorChecker : Bean 'org.springframework.cloud.client.loadbalancer.LoadBalancerAutoConfiguration$LoadBalancerInterceptorConfig' of type [org.springframework.cloud.client.loadbalancer.LoadBalancerAutoConfiguration$LoadBalancerInterceptorConfig] is not eligible for getting processed by all BeanPostProcessors (for example: not eligible for auto-proxying). The currently created BeanPostProcessor [lbRestClientPostProcessor] is declared through a non-static factory method on that class; consider declaring it as static instead.
2026-03-14T19:54:16.438+05:30  WARN 22576 --- [feed-service] [           main] trationDelegate$BeanPostProcessorChecker : Bean 'org.springframework.cloud.loadbalancer.config.BlockingLoadBalancerClientAutoConfiguration' of type [org.springframework.cloud.loadbalancer.config.BlockingLoadBalancerClientAutoConfiguration] is not eligible for getting processed by all BeanPostProcessors (for example: not eligible for auto-proxying). Is this bean getting eagerly injected into a currently created BeanPostProcessor [lbRestClientPostProcessor]? Check the corresponding BeanPostProcessor declaration and its dependencies.
2026-03-14T19:54:16.443+05:30  WARN 22576 --- [feed-service] [           main] trationDelegate$BeanPostProcessorChecker : Bean 'org.springframework.cloud.loadbalancer.config.LoadBalancerAutoConfiguration' of type [org.springframework.cloud.loadbalancer.config.LoadBalancerAutoConfiguration] is not eligible for getting processed by all BeanPostProcessors (for example: not eligible for auto-proxying). Is this bean getting eagerly injected into a currently created BeanPostProcessor [lbRestClientPostProcessor]? Check the corresponding BeanPostProcessor declaration and its dependencies.
2026-03-14T19:54:16.455+05:30  WARN 22576 --- [feed-service] [           main] trationDelegate$BeanPostProcessorChecker : Bean 'org.springframework.cloud.commons.config.CommonsConfigAutoConfiguration' of type [org.springframework.cloud.commons.config.CommonsConfigAutoConfiguration] is not eligible for getting processed by all BeanPostProcessors (for example: not eligible for auto-proxying). Is this bean getting eagerly injected into a currently created BeanPostProcessor [lbRestClientPostProcessor]? Check the corresponding BeanPostProcessor declaration and its dependencies.
2026-03-14T19:54:16.461+05:30  WARN 22576 --- [feed-service] [           main] trationDelegate$BeanPostProcessorChecker : Bean 'org.springframework.cloud.client.loadbalancer.LoadBalancerDefaultMappingsProviderAutoConfiguration' of type [org.springframework.cloud.client.loadbalancer.LoadBalancerDefaultMappingsProviderAutoConfiguration] is not eligible for getting processed by all BeanPostProcessors (for example: not eligible for auto-proxying). Is this bean getting eagerly injected into a currently created BeanPostProcessor [lbRestClientPostProcessor]? Check the corresponding BeanPostProcessor declaration and its dependencies.
2026-03-14T19:54:16.463+05:30  WARN 22576 --- [feed-service] [           main] trationDelegate$BeanPostProcessorChecker : Bean 'loadBalancerClientsDefaultsMappingsProvider' of type [org.springframework.cloud.client.loadbalancer.LoadBalancerDefaultMappingsProviderAutoConfiguration$$Lambda$542/0x0000020b243f5570] is not eligible for getting processed by all BeanPostProcessors (for example: not eligible for auto-proxying). Is this bean getting eagerly injected into a currently created BeanPostProcessor [lbRestClientPostProcessor]? Check the corresponding BeanPostProcessor declaration and its dependencies.
2026-03-14T19:54:16.468+05:30  WARN 22576 --- [feed-service] [           main] trationDelegate$BeanPostProcessorChecker : Bean 'defaultsBindHandlerAdvisor' of type [org.springframework.cloud.commons.config.DefaultsBindHandlerAdvisor] is not eligible for getting processed by all BeanPostProcessors (for example: not eligible for auto-proxying). Is this bean getting eagerly injected into a currently created BeanPostProcessor [lbRestClientPostProcessor]? Check the corresponding BeanPostProcessor declaration and its dependencies.
2026-03-14T19:54:16.478+05:30  WARN 22576 --- [feed-service] [           main] trationDelegate$BeanPostProcessorChecker : Bean 'spring.cloud.loadbalancer-org.springframework.cloud.client.loadbalancer.LoadBalancerClientsProperties' of type [org.springframework.cloud.client.loadbalancer.LoadBalancerClientsProperties] is not eligible for getting processed by all BeanPostProcessors (for example: not eligible for auto-proxying). Is this bean getting eagerly injected into a currently created BeanPostProcessor [lbRestClientPostProcessor]? Check the corresponding BeanPostProcessor declaration and its dependencies.
2026-03-14T19:54:16.492+05:30  WARN 22576 --- [feed-service] [           main] trationDelegate$BeanPostProcessorChecker : Bean 'default.org.springframework.cloud.loadbalancer.config.LoadBalancerAutoConfiguration.LoadBalancerClientSpecification' of type [org.springframework.cloud.loadbalancer.annotation.LoadBalancerClientSpecification] is not eligible for getting processed by all BeanPostProcessors (for example: not eligible for auto-proxying). Is this bean getting eagerly injected into a currently created BeanPostProcessor [lbRestClientPostProcessor]? Check the corresponding BeanPostProcessor declaration and its dependencies.
2026-03-14T19:54:16.497+05:30  WARN 22576 --- [feed-service] [           main] trationDelegate$BeanPostProcessorChecker : Bean 'default.org.springframework.cloud.loadbalancer.config.BlockingLoadBalancerClientAutoConfiguration.LoadBalancerClientSpecification' of type [org.springframework.cloud.loadbalancer.annotation.LoadBalancerClientSpecification] is not eligible for getting processed by all BeanPostProcessors (for example: not eligible for auto-proxying). Is this bean getting eagerly injected into a currently created BeanPostProcessor [lbRestClientPostProcessor]? Check the corresponding BeanPostProcessor declaration and its dependencies.
2026-03-14T19:54:16.498+05:30  WARN 22576 --- [feed-service] [           main] trationDelegate$BeanPostProcessorChecker : Bean 'default.org.springframework.cloud.netflix.eureka.loadbalancer.LoadBalancerEurekaAutoConfiguration.LoadBalancerClientSpecification' of type [org.springframework.cloud.loadbalancer.annotation.LoadBalancerClientSpecification] is not eligible for getting processed by all BeanPostProcessors (for example: not eligible for auto-proxying). Is this bean getting eagerly injected into a currently created BeanPostProcessor [lbRestClientPostProcessor]? Check the corresponding BeanPostProcessor declaration and its dependencies.
2026-03-14T19:54:16.500+05:30  WARN 22576 --- [feed-service] [           main] trationDelegate$BeanPostProcessorChecker : Bean 'loadBalancerClientFactory' of type [org.springframework.cloud.loadbalancer.support.LoadBalancerClientFactory] is not eligible for getting processed by all BeanPostProcessors (for example: not eligible for auto-proxying). Is this bean getting eagerly injected into a currently created BeanPostProcessor [lbRestClientPostProcessor]? Check the corresponding BeanPostProcessor declaration and its dependencies.
2026-03-14T19:54:16.513+05:30  WARN 22576 --- [feed-service] [           main] trationDelegate$BeanPostProcessorChecker : Bean 'blockingLoadBalancerClient' of type [org.springframework.cloud.loadbalancer.blocking.client.BlockingLoadBalancerClient] is not eligible for getting processed by all BeanPostProcessors (for example: not eligible for auto-proxying). Is this bean getting eagerly injected into a currently created BeanPostProcessor [lbRestClientPostProcessor]? Check the corresponding BeanPostProcessor declaration and its dependencies.
2026-03-14T19:54:16.525+05:30  WARN 22576 --- [feed-service] [           main] trationDelegate$BeanPostProcessorChecker : Bean 'loadBalancerServiceInstanceCookieTransformer' of type [org.springframework.cloud.loadbalancer.core.LoadBalancerServiceInstanceCookieTransformer] is not eligible for getting processed by all BeanPostProcessors (for example: not eligible for auto-proxying). Is this bean getting eagerly injected into a currently created BeanPostProcessor [lbRestClientPostProcessor]? Check the corresponding BeanPostProcessor declaration and its dependencies.
2026-03-14T19:54:16.528+05:30  WARN 22576 --- [feed-service] [           main] trationDelegate$BeanPostProcessorChecker : Bean 'xForwarderHeadersTransformer' of type [org.springframework.cloud.loadbalancer.blocking.XForwardedHeadersTransformer] is not eligible for getting processed by all BeanPostProcessors (for example: not eligible for auto-proxying). Is this bean getting eagerly injected into a currently created BeanPostProcessor [lbRestClientPostProcessor]? Check the corresponding BeanPostProcessor declaration and its dependencies.
2026-03-14T19:54:16.531+05:30  WARN 22576 --- [feed-service] [           main] trationDelegate$BeanPostProcessorChecker : Bean 'org.springframework.cloud.client.loadbalancer.LoadBalancerAutoConfiguration' of type [org.springframework.cloud.client.loadbalancer.LoadBalancerAutoConfiguration] is not eligible for getting processed by all BeanPostProcessors (for example: not eligible for auto-proxying). Is this bean getting eagerly injected into a currently created BeanPostProcessor [lbRestClientPostProcessor]? Check the corresponding BeanPostProcessor declaration and its dependencies.
2026-03-14T19:54:16.539+05:30  WARN 22576 --- [feed-service] [           main] trationDelegate$BeanPostProcessorChecker : Bean 'loadBalancerRequestFactory' of type [org.springframework.cloud.client.loadbalancer.LoadBalancerRequestFactory] is not eligible for getting processed by all BeanPostProcessors (for example: not eligible for auto-proxying). Is this bean getting eagerly injected into a currently created BeanPostProcessor [lbRestClientPostProcessor]? Check the corresponding BeanPostProcessor declaration and its dependencies.
2026-03-14T19:54:16.543+05:30  WARN 22576 --- [feed-service] [           main] trationDelegate$BeanPostProcessorChecker : Bean 'loadBalancerInterceptor' of type [org.springframework.cloud.client.loadbalancer.LoadBalancerInterceptor] is not eligible for getting processed by all BeanPostProcessors (for example: not eligible for auto-proxying). Is this bean getting eagerly injected into a currently created BeanPostProcessor [lbRestClientPostProcessor]? Check the corresponding BeanPostProcessor declaration and its dependencies.
2026-03-14T19:54:17.023+05:30  INFO 22576 --- [feed-service] [           main] o.s.b.w.embedded.tomcat.TomcatWebServer  : Tomcat initialized with port 8083 (http)
2026-03-14T19:54:17.037+05:30  INFO 22576 --- [feed-service] [           main] o.apache.catalina.core.StandardService   : Starting service [Tomcat]
2026-03-14T19:54:17.037+05:30  INFO 22576 --- [feed-service] [           main] o.apache.catalina.core.StandardEngine    : Starting Servlet engine: [Apache Tomcat/10.1.18]
2026-03-14T19:54:17.144+05:30  INFO 22576 --- [feed-service] [           main] o.a.c.c.C.[Tomcat].[localhost].[/]       : Initializing Spring embedded WebApplicationContext
2026-03-14T19:54:17.146+05:30  INFO 22576 --- [feed-service] [           main] w.s.c.ServletWebServerApplicationContext : Root WebApplicationContext: initialization completed in 2806 ms
2026-03-14T19:54:17.727+05:30  INFO 22576 --- [feed-service] [           main] o.s.c.openfeign.FeignClientFactoryBean   : For 'post-service' URL not provided. Will try picking an instance via load-balancing.
2026-03-14T19:54:17.800+05:30  INFO 22576 --- [feed-service] [           main] o.s.c.openfeign.FeignClientFactoryBean   : For 'connection-service' URL not provided. Will try picking an instance via load-balancing.
2026-03-14T19:54:19.624+05:30  INFO 22576 --- [feed-service] [           main] DiscoveryClientOptionalArgsConfiguration : Eureka HTTP Client uses RestTemplate.
2026-03-14T19:54:19.732+05:30  WARN 22576 --- [feed-service] [           main] iguration$LoadBalancerCaffeineWarnLogger : Spring Cloud LoadBalancer is currently working with the default cache. While this cache implementation is useful for development and tests, it's recommended to use Caffeine cache in production.You can switch to using Caffeine cache, by adding it and org.springframework.cache.caffeine.CaffeineCacheManager to the classpath.
2026-03-14T19:54:19.766+05:30  INFO 22576 --- [feed-service] [           main] o.s.b.a.e.web.EndpointLinksResolver      : Exposing 1 endpoint(s) beneath base path '/actuator'
2026-03-14T19:54:19.836+05:30  INFO 22576 --- [feed-service] [           main] o.s.c.n.eureka.InstanceInfoFactory       : Setting initial instance status as: STARTING
2026-03-14T19:54:19.890+05:30  INFO 22576 --- [feed-service] [           main] com.netflix.discovery.DiscoveryClient    : Initializing Eureka in region us-east-1
2026-03-14T19:54:19.896+05:30  INFO 22576 --- [feed-service] [           main] c.n.d.s.r.aws.ConfigClusterResolver      : Resolving eureka endpoints via configuration
2026-03-14T19:54:19.937+05:30  INFO 22576 --- [feed-service] [           main] com.netflix.discovery.DiscoveryClient    : Disable delta property : false
2026-03-14T19:54:19.937+05:30  INFO 22576 --- [feed-service] [           main] com.netflix.discovery.DiscoveryClient    : Single vip registry refresh property : null
2026-03-14T19:54:19.937+05:30  INFO 22576 --- [feed-service] [           main] com.netflix.discovery.DiscoveryClient    : Force full registry fetch : false
2026-03-14T19:54:19.937+05:30  INFO 22576 --- [feed-service] [           main] com.netflix.discovery.DiscoveryClient    : Application is null : false
2026-03-14T19:54:19.937+05:30  INFO 22576 --- [feed-service] [           main] com.netflix.discovery.DiscoveryClient    : Registered Applications size is zero : true
2026-03-14T19:54:19.937+05:30  INFO 22576 --- [feed-service] [           main] com.netflix.discovery.DiscoveryClient    : Application version is -1: true
2026-03-14T19:54:19.937+05:30  INFO 22576 --- [feed-service] [           main] com.netflix.discovery.DiscoveryClient    : Getting all instance registry info from the eureka server
2026-03-14T19:54:20.325+05:30  INFO 22576 --- [feed-service] [           main] com.netflix.discovery.DiscoveryClient    : The response status is 200
2026-03-14T19:54:20.330+05:30  INFO 22576 --- [feed-service] [           main] com.netflix.discovery.DiscoveryClient    : Starting heartbeat executor: renew interval is: 30
2026-03-14T19:54:20.335+05:30  INFO 22576 --- [feed-service] [           main] c.n.discovery.InstanceInfoReplicator     : InstanceInfoReplicator onDemand update allowed rate per min is 4
2026-03-14T19:54:20.342+05:30  INFO 22576 --- [feed-service] [           main] com.netflix.discovery.DiscoveryClient    : Discovery Client initialized at timestamp 1773498260340 with initial instances count: 3
2026-03-14T19:54:20.359+05:30  INFO 22576 --- [feed-service] [           main] o.s.c.n.e.s.EurekaServiceRegistry        : Registering application FEED-SERVICE with eureka with status UP
2026-03-14T19:54:20.360+05:30  INFO 22576 --- [feed-service] [           main] com.netflix.discovery.DiscoveryClient    : Saw local status change event StatusChangeEvent [timestamp=1773498260360, current=UP, previous=STARTING]
2026-03-14T19:54:20.363+05:30  INFO 22576 --- [feed-service] [nfoReplicator-0] com.netflix.discovery.DiscoveryClient    : DiscoveryClient_FEED-SERVICE/192.168.0.112:feed-service:8083: registering service...
2026-03-14T19:54:20.410+05:30  INFO 22576 --- [feed-service] [           main] o.s.b.w.embedded.tomcat.TomcatWebServer  : Tomcat started on port 8083 (http) with context path ''
2026-03-14T19:54:20.411+05:30  INFO 22576 --- [feed-service] [           main] .s.c.n.e.s.EurekaAutoServiceRegistration : Updating port to 8083
2026-03-14T19:54:20.433+05:30  INFO 22576 --- [feed-service] [nfoReplicator-0] com.netflix.discovery.DiscoveryClient    : DiscoveryClient_FEED-SERVICE/192.168.0.112:feed-service:8083 - registration status: 204
2026-03-14T19:54:20.600+05:30  INFO 22576 --- [feed-service] [           main] o.r.r.f.FeedServiceApplication           : Started FeedServiceApplication in 7.832 seconds (process running for 8.385)
