[INFO] Scanning for projects...
[INFO] 
[INFO] ----------------< org.revature.revconnect:user-service >----------------
[INFO] Building User Service 1.0.0
[INFO]   from pom.xml
[INFO] --------------------------------[ jar ]---------------------------------
[INFO] 
[INFO] >>> spring-boot:3.2.2:run (default-cli) > test-compile @ user-service >>>
[INFO] 
[INFO] --- resources:3.3.1:resources (default-resources) @ user-service ---
[INFO] Copying 1 resource from src\main\resources to target\classes
[INFO] Copying 0 resource from src\main\resources to target\classes
[INFO] 
[INFO] --- compiler:3.11.0:compile (default-compile) @ user-service ---
[INFO] Nothing to compile - all classes are up to date
[INFO] 
[INFO] --- resources:3.3.1:testResources (default-testResources) @ user-service ---
[INFO] skip non existing resourceDirectory D:\Microservices\user-service\src\test\resources
[INFO] 
[INFO] --- compiler:3.11.0:testCompile (default-testCompile) @ user-service ---
[INFO] No sources to compile
[INFO] 
[INFO] <<< spring-boot:3.2.2:run (default-cli) < test-compile @ user-service <<<
[INFO] 
[INFO] 
[INFO] --- spring-boot:3.2.2:run (default-cli) @ user-service ---
[INFO] Attaching agents: []

  .   ____          _            __ _ _
 /\\ / ___'_ __ _ _(_)_ __  __ _ \ \ \ \
( ( )\___ | '_ | '_| | '_ \/ _` | \ \ \ \
 \\/  ___)| |_)| | | | | || (_| |  ) ) ) )
  '  |____| .__|_| |_|_| |_\__, | / / / /
 =========|_|==============|___/=/_/_/_/
 :: Spring Boot ::                (v3.2.2)

2026-03-14T19:52:11.881+05:30  INFO 11096 --- [user-service] [           main] o.r.r.u.UserServiceApplication           : Starting UserServiceApplication using Java 17.0.18 with PID 11096 (D:\Microservices\user-service\target\classes started by pavan in D:\Microservices\user-service)
2026-03-14T19:52:11.885+05:30 DEBUG 11096 --- [user-service] [           main] o.r.r.u.UserServiceApplication           : Running with Spring Boot v3.2.2, Spring v6.1.3
2026-03-14T19:52:11.887+05:30  INFO 11096 --- [user-service] [           main] o.r.r.u.UserServiceApplication           : No active profile set, falling back to 1 default profile: "default"
2026-03-14T19:52:11.991+05:30  INFO 11096 --- [user-service] [           main] o.s.c.c.c.ConfigServerConfigDataLoader   : Fetching config from server at : http://localhost:8888
2026-03-14T19:52:11.991+05:30  INFO 11096 --- [user-service] [           main] o.s.c.c.c.ConfigServerConfigDataLoader   : Located environment: name=user-service, profiles=[default], label=null, version=null, state=null
2026-03-14T19:52:13.969+05:30  INFO 11096 --- [user-service] [           main] .s.d.r.c.RepositoryConfigurationDelegate : Bootstrapping Spring Data JPA repositories in DEFAULT mode.
2026-03-14T19:52:14.136+05:30  INFO 11096 --- [user-service] [           main] .s.d.r.c.RepositoryConfigurationDelegate : Finished Spring Data repository scanning in 159 ms. Found 4 JPA repository interfaces.
2026-03-14T19:52:14.579+05:30  INFO 11096 --- [user-service] [           main] o.s.cloud.context.scope.GenericScope     : BeanFactory id=1bb6dd75-c791-3901-8d47-5467180e9b15
2026-03-14T19:52:15.033+05:30  WARN 11096 --- [user-service] [           main] trationDelegate$BeanPostProcessorChecker : Bean 'org.springframework.cloud.client.loadbalancer.LoadBalancerAutoConfiguration$LoadBalancerInterceptorConfig' of type [org.springframework.cloud.client.loadbalancer.LoadBalancerAutoConfiguration$LoadBalancerInterceptorConfig] is not eligible for getting processed by all BeanPostProcessors (for example: not eligible for auto-proxying). The currently created BeanPostProcessor [lbRestClientPostProcessor] is declared through a non-static factory method on that class; consider declaring it as static instead.
2026-03-14T19:52:15.036+05:30  WARN 11096 --- [user-service] [           main] trationDelegate$BeanPostProcessorChecker : Bean 'org.springframework.cloud.loadbalancer.config.BlockingLoadBalancerClientAutoConfiguration' of type [org.springframework.cloud.loadbalancer.config.BlockingLoadBalancerClientAutoConfiguration] is not eligible for getting processed by all BeanPostProcessors (for example: not eligible for auto-proxying). Is this bean getting eagerly injected into a currently created BeanPostProcessor [lbRestClientPostProcessor]? Check the corresponding BeanPostProcessor declaration and its dependencies.
2026-03-14T19:52:15.040+05:30  WARN 11096 --- [user-service] [           main] trationDelegate$BeanPostProcessorChecker : Bean 'org.springframework.cloud.loadbalancer.config.LoadBalancerAutoConfiguration' of type [org.springframework.cloud.loadbalancer.config.LoadBalancerAutoConfiguration] is not eligible for getting processed by all BeanPostProcessors (for example: not eligible for auto-proxying). Is this bean getting eagerly injected into a currently created BeanPostProcessor [lbRestClientPostProcessor]? Check the corresponding BeanPostProcessor declaration and its dependencies.
2026-03-14T19:52:15.048+05:30  WARN 11096 --- [user-service] [           main] trationDelegate$BeanPostProcessorChecker : Bean 'org.springframework.cloud.commons.config.CommonsConfigAutoConfiguration' of type [org.springframework.cloud.commons.config.CommonsConfigAutoConfiguration] is not eligible for getting processed by all BeanPostProcessors (for example: not eligible for auto-proxying). Is this bean getting eagerly injected into a currently created BeanPostProcessor [lbRestClientPostProcessor]? Check the corresponding BeanPostProcessor declaration and its dependencies.
2026-03-14T19:52:15.051+05:30  WARN 11096 --- [user-service] [           main] trationDelegate$BeanPostProcessorChecker : Bean 'org.springframework.cloud.client.loadbalancer.LoadBalancerDefaultMappingsProviderAutoConfiguration' of type [org.springframework.cloud.client.loadbalancer.LoadBalancerDefaultMappingsProviderAutoConfiguration] is not eligible for getting processed by all BeanPostProcessors (for example: not eligible for auto-proxying). Is this bean getting eagerly injected into a currently created BeanPostProcessor [lbRestClientPostProcessor]? Check the corresponding BeanPostProcessor declaration and its dependencies.
2026-03-14T19:52:15.052+05:30  WARN 11096 --- [user-service] [           main] trationDelegate$BeanPostProcessorChecker : Bean 'loadBalancerClientsDefaultsMappingsProvider' of type [org.springframework.cloud.client.loadbalancer.LoadBalancerDefaultMappingsProviderAutoConfiguration$$Lambda$687/0x000001a70b53c590] is not eligible for getting processed by all BeanPostProcessors (for example: not eligible for auto-proxying). Is this bean getting eagerly injected into a currently created BeanPostProcessor [lbRestClientPostProcessor]? Check the corresponding BeanPostProcessor declaration and its dependencies.
2026-03-14T19:52:15.055+05:30  WARN 11096 --- [user-service] [           main] trationDelegate$BeanPostProcessorChecker : Bean 'defaultsBindHandlerAdvisor' of type [org.springframework.cloud.commons.config.DefaultsBindHandlerAdvisor] is not eligible for getting processed by all BeanPostProcessors (for example: not eligible for auto-proxying). Is this bean getting eagerly injected into a currently created BeanPostProcessor [lbRestClientPostProcessor]? Check the corresponding BeanPostProcessor declaration and its dependencies.
2026-03-14T19:52:15.061+05:30  WARN 11096 --- [user-service] [           main] trationDelegate$BeanPostProcessorChecker : Bean 'spring.cloud.loadbalancer-org.springframework.cloud.client.loadbalancer.LoadBalancerClientsProperties' of type [org.springframework.cloud.client.loadbalancer.LoadBalancerClientsProperties] is not eligible for getting processed by all BeanPostProcessors (for example: not eligible for auto-proxying). Is this bean getting eagerly injected into a currently created BeanPostProcessor [lbRestClientPostProcessor]? Check the corresponding BeanPostProcessor declaration and its dependencies.
2026-03-14T19:52:15.068+05:30  WARN 11096 --- [user-service] [           main] trationDelegate$BeanPostProcessorChecker : Bean 'default.org.springframework.cloud.loadbalancer.config.LoadBalancerAutoConfiguration.LoadBalancerClientSpecification' of type [org.springframework.cloud.loadbalancer.annotation.LoadBalancerClientSpecification] is not eligible for getting processed by all BeanPostProcessors (for example: not eligible for auto-proxying). Is this bean getting eagerly injected into a currently created BeanPostProcessor [lbRestClientPostProcessor]? Check the corresponding BeanPostProcessor declaration and its dependencies.
2026-03-14T19:52:15.072+05:30  WARN 11096 --- [user-service] [           main] trationDelegate$BeanPostProcessorChecker : Bean 'default.org.springframework.cloud.loadbalancer.config.BlockingLoadBalancerClientAutoConfiguration.LoadBalancerClientSpecification' of type [org.springframework.cloud.loadbalancer.annotation.LoadBalancerClientSpecification] is not eligible for getting processed by all BeanPostProcessors (for example: not eligible for auto-proxying). Is this bean getting eagerly injected into a currently created BeanPostProcessor [lbRestClientPostProcessor]? Check the corresponding BeanPostProcessor declaration and its dependencies.
2026-03-14T19:52:15.073+05:30  WARN 11096 --- [user-service] [           main] trationDelegate$BeanPostProcessorChecker : Bean 'default.org.springframework.cloud.netflix.eureka.loadbalancer.LoadBalancerEurekaAutoConfiguration.LoadBalancerClientSpecification' of type [org.springframework.cloud.loadbalancer.annotation.LoadBalancerClientSpecification] is not eligible for getting processed by all BeanPostProcessors (for example: not eligible for auto-proxying). Is this bean getting eagerly injected into a currently created BeanPostProcessor [lbRestClientPostProcessor]? Check the corresponding BeanPostProcessor declaration and its dependencies.
2026-03-14T19:52:15.076+05:30  WARN 11096 --- [user-service] [           main] trationDelegate$BeanPostProcessorChecker : Bean 'loadBalancerClientFactory' of type [org.springframework.cloud.loadbalancer.support.LoadBalancerClientFactory] is not eligible for getting processed by all BeanPostProcessors (for example: not eligible for auto-proxying). Is this bean getting eagerly injected into a currently created BeanPostProcessor [lbRestClientPostProcessor]? Check the corresponding BeanPostProcessor declaration and its dependencies.
2026-03-14T19:52:15.087+05:30  WARN 11096 --- [user-service] [           main] trationDelegate$BeanPostProcessorChecker : Bean 'blockingLoadBalancerClient' of type [org.springframework.cloud.loadbalancer.blocking.client.BlockingLoadBalancerClient] is not eligible for getting processed by all BeanPostProcessors (for example: not eligible for auto-proxying). Is this bean getting eagerly injected into a currently created BeanPostProcessor [lbRestClientPostProcessor]? Check the corresponding BeanPostProcessor declaration and its dependencies.
2026-03-14T19:52:15.110+05:30  WARN 11096 --- [user-service] [           main] trationDelegate$BeanPostProcessorChecker : Bean 'loadBalancerServiceInstanceCookieTransformer' of type [org.springframework.cloud.loadbalancer.core.LoadBalancerServiceInstanceCookieTransformer] is not eligible for getting processed by all BeanPostProcessors (for example: not eligible for auto-proxying). Is this bean getting eagerly injected into a currently created BeanPostProcessor [lbRestClientPostProcessor]? Check the corresponding BeanPostProcessor declaration and its dependencies.
2026-03-14T19:52:15.115+05:30  WARN 11096 --- [user-service] [           main] trationDelegate$BeanPostProcessorChecker : Bean 'xForwarderHeadersTransformer' of type [org.springframework.cloud.loadbalancer.blocking.XForwardedHeadersTransformer] is not eligible for getting processed by all BeanPostProcessors (for example: not eligible for auto-proxying). Is this bean getting eagerly injected into a currently created BeanPostProcessor [lbRestClientPostProcessor]? Check the corresponding BeanPostProcessor declaration and its dependencies.
2026-03-14T19:52:15.116+05:30  WARN 11096 --- [user-service] [           main] trationDelegate$BeanPostProcessorChecker : Bean 'org.springframework.cloud.client.loadbalancer.LoadBalancerAutoConfiguration' of type [org.springframework.cloud.client.loadbalancer.LoadBalancerAutoConfiguration] is not eligible for getting processed by all BeanPostProcessors (for example: not eligible for auto-proxying). Is this bean getting eagerly injected into a currently created BeanPostProcessor [lbRestClientPostProcessor]? Check the corresponding BeanPostProcessor declaration and its dependencies.
2026-03-14T19:52:15.121+05:30  WARN 11096 --- [user-service] [           main] trationDelegate$BeanPostProcessorChecker : Bean 'loadBalancerRequestFactory' of type [org.springframework.cloud.client.loadbalancer.LoadBalancerRequestFactory] is not eligible for getting processed by all BeanPostProcessors (for example: not eligible for auto-proxying). Is this bean getting eagerly injected into a currently created BeanPostProcessor [lbRestClientPostProcessor]? Check the corresponding BeanPostProcessor declaration and its dependencies.
2026-03-14T19:52:15.123+05:30  WARN 11096 --- [user-service] [           main] trationDelegate$BeanPostProcessorChecker : Bean 'loadBalancerInterceptor' of type [org.springframework.cloud.client.loadbalancer.LoadBalancerInterceptor] is not eligible for getting processed by all BeanPostProcessors (for example: not eligible for auto-proxying). Is this bean getting eagerly injected into a currently created BeanPostProcessor [lbRestClientPostProcessor]? Check the corresponding BeanPostProcessor declaration and its dependencies.
2026-03-14T19:52:15.717+05:30  INFO 11096 --- [user-service] [           main] o.s.b.w.embedded.tomcat.TomcatWebServer  : Tomcat initialized with port 8081 (http)
2026-03-14T19:52:15.733+05:30  INFO 11096 --- [user-service] [           main] o.apache.catalina.core.StandardService   : Starting service [Tomcat]
2026-03-14T19:52:15.733+05:30  INFO 11096 --- [user-service] [           main] o.apache.catalina.core.StandardEngine    : Starting Servlet engine: [Apache Tomcat/10.1.18]
2026-03-14T19:52:15.868+05:30  INFO 11096 --- [user-service] [           main] o.a.c.c.C.[Tomcat].[localhost].[/]       : Initializing Spring embedded WebApplicationContext
2026-03-14T19:52:15.871+05:30  INFO 11096 --- [user-service] [           main] w.s.c.ServletWebServerApplicationContext : Root WebApplicationContext: initialization completed in 3875 ms
2026-03-14T19:52:16.350+05:30  INFO 11096 --- [user-service] [           main] o.hibernate.jpa.internal.util.LogHelper  : HHH000204: Processing PersistenceUnitInfo [name: default]
2026-03-14T19:52:16.427+05:30  INFO 11096 --- [user-service] [           main] org.hibernate.Version                    : HHH000412: Hibernate ORM core version 6.4.1.Final
2026-03-14T19:52:16.464+05:30  INFO 11096 --- [user-service] [           main] o.h.c.internal.RegionFactoryInitiator    : HHH000026: Second-level cache disabled
2026-03-14T19:52:16.755+05:30  INFO 11096 --- [user-service] [           main] o.s.o.j.p.SpringPersistenceUnitInfo      : No LoadTimeWeaver setup: ignoring JPA class transformer
2026-03-14T19:52:16.797+05:30  INFO 11096 --- [user-service] [           main] com.zaxxer.hikari.HikariDataSource       : HikariPool-1 - Starting...
2026-03-14T19:52:17.366+05:30  INFO 11096 --- [user-service] [           main] com.zaxxer.hikari.pool.HikariPool        : HikariPool-1 - Added connection com.mysql.cj.jdbc.ConnectionImpl@5bbc033f
2026-03-14T19:52:17.368+05:30  INFO 11096 --- [user-service] [           main] com.zaxxer.hikari.HikariDataSource       : HikariPool-1 - Start completed.
2026-03-14T19:52:17.474+05:30  WARN 11096 --- [user-service] [           main] org.hibernate.orm.deprecation            : HHH90000025: MySQLDialect does not need to be specified explicitly using 'hibernate.dialect' (remove the property setting and it will be selected by default)
2026-03-14T19:52:18.944+05:30  INFO 11096 --- [user-service] [           main] o.h.e.t.j.p.i.JtaPlatformInitiator       : HHH000489: No JTA platform available (set 'hibernate.transaction.jta.platform' to enable JTA platform integration)
Hibernate: 
    create table business_profiles (
        id bigint not null auto_increment,
        address varchar(255),
        business_name varchar(255) not null,
        category enum ('TECHNOLOGY','RETAIL','FOOD_BEVERAGE','HEALTH_WELLNESS','EDUCATION','ENTERTAINMENT','FASHION','SPORTS','TRAVEL','FINANCE','REAL_ESTATE','OTHER') not null,
        contact_email varchar(255),
        contact_phone varchar(255),
        cover_image_url varchar(255),
        created_at datetime(6),
        description TEXT,
        is_verified bit not null,
        logo_url varchar(255),
        updated_at datetime(6),
        website_url varchar(255),
        user_id bigint not null,
        primary key (id)
    ) engine=InnoDB
Hibernate: 
    create table password_reset_tokens (
        id bigint not null auto_increment,
        expiry_date datetime(6) not null,
        token varchar(255) not null,
        user_id bigint not null,
        primary key (id)
    ) engine=InnoDB
Hibernate: 
    create table user_settings (
        id bigint not null auto_increment,
        allow_messages_from_strangers bit,
        email_notifications bit,
        language varchar(255),
        profile_visible bit,
        push_notifications bit,
        show_online_status bit,
        theme varchar(255),
        user_id bigint not null,
        primary key (id)
    ) engine=InnoDB
Hibernate: 
    create table users (
        id bigint not null auto_increment,
        bio TEXT,
        business_address varchar(255),
        business_hours varchar(100),
        business_name varchar(100),
        category varchar(50),
        contact_info varchar(255),
        cover_photo varchar(255),
        created_at datetime(6),
        email varchar(100) not null,
        email_verified bit,
        external_links TEXT,
        industry varchar(50),
        is_verified bit,
        location varchar(100),
        name varchar(100) not null,
        password varchar(255) not null,
        privacy enum ('PUBLIC','PRIVATE'),
        profile_picture varchar(255),
        social_media_links TEXT,
        updated_at datetime(6),
        user_type enum ('PERSONAL','CREATOR','BUSINESS') not null,
        username varchar(50) not null,
        verification_code varchar(6),
        verification_code_expiry datetime(6),
        website varchar(255),
        primary key (id)
    ) engine=InnoDB
Hibernate: 
    alter table business_profiles 
       drop index UK_fbfb8fvcm18wgvn1g4vtygy0n
Hibernate: 
    alter table business_profiles 
       add constraint UK_fbfb8fvcm18wgvn1g4vtygy0n unique (user_id)
Hibernate: 
    alter table password_reset_tokens 
       drop index UK_71lqwbwtklmljk3qlsugr1mig
Hibernate: 
    alter table password_reset_tokens 
       add constraint UK_71lqwbwtklmljk3qlsugr1mig unique (token)
Hibernate: 
    alter table user_settings 
       drop index UK_4bos7satl9xeqd18frfeqg6tt
Hibernate: 
    alter table user_settings 
       add constraint UK_4bos7satl9xeqd18frfeqg6tt unique (user_id)
Hibernate: 
    create index idx_username 
       on users (username)
Hibernate: 
    create index idx_email 
       on users (email)
Hibernate: 
    create index idx_user_type 
       on users (user_type)
Hibernate: 
    create index idx_created_at 
       on users (created_at)
Hibernate: 
    alter table users 
       drop index UK_6dotkott2kjsp8vw4d0m25fb7
Hibernate: 
    alter table users 
       add constraint UK_6dotkott2kjsp8vw4d0m25fb7 unique (email)
Hibernate: 
    alter table users 
       drop index UK_r43af9ap4edm43mmtq01oddj6
Hibernate: 
    alter table users 
       add constraint UK_r43af9ap4edm43mmtq01oddj6 unique (username)
Hibernate: 
    alter table business_profiles 
       add constraint FK6rtkyif43obkivqccykb4id3p 
       foreign key (user_id) 
       references users (id)
Hibernate: 
    alter table password_reset_tokens 
       add constraint FKk3ndxg5xp6v7wd4gjyusp15gq 
       foreign key (user_id) 
       references users (id)
Hibernate: 
    alter table user_settings 
       add constraint FK8v82nj88rmai0nyck19f873dw 
       foreign key (user_id) 
       references users (id)
2026-03-14T19:52:19.892+05:30  INFO 11096 --- [user-service] [           main] j.LocalContainerEntityManagerFactoryBean : Initialized JPA EntityManagerFactory for persistence unit 'default'
2026-03-14T19:52:20.257+05:30  INFO 11096 --- [user-service] [           main] o.s.d.j.r.query.QueryEnhancerFactory     : Hibernate is in classpath; If applicable, HQL parser will be used.
2026-03-14T19:52:20.947+05:30 DEBUG 11096 --- [user-service] [           main] o.r.r.u.s.JwtAuthenticationFilter        : Filter 'jwtAuthenticationFilter' configured for use
2026-03-14T19:52:21.582+05:30  WARN 11096 --- [user-service] [           main] JpaBaseConfiguration$JpaWebConfiguration : spring.jpa.open-in-view is enabled by default. Therefore, database queries may be performed during view rendering. Explicitly configure spring.jpa.open-in-view to disable this warning
2026-03-14T19:52:21.706+05:30  INFO 11096 --- [user-service] [           main] o.s.c.openfeign.FeignClientFactoryBean   : For 'post-service' URL not provided. Will try picking an instance via load-balancing.
2026-03-14T19:52:22.605+05:30  INFO 11096 --- [user-service] [           main] o.s.b.a.e.web.EndpointLinksResolver      : Exposing 1 endpoint(s) beneath base path '/actuator'
2026-03-14T19:52:22.729+05:30  INFO 11096 --- [user-service] [           main] o.s.s.web.DefaultSecurityFilterChain     : Will secure any request with [org.springframework.security.web.session.DisableEncodeUrlFilter@2aa93f15, org.springframework.security.web.context.request.async.WebAsyncManagerIntegrationFilter@7d3bf73f, org.springframework.security.web.context.SecurityContextHolderFilter@17b17fa8, org.springframework.security.web.header.HeaderWriterFilter@1124fd8, org.springframework.web.filter.CorsFilter@19940123, org.springframework.security.web.authentication.logout.LogoutFilter@46cd3592, org.revature.revconnect.userservice.security.JwtAuthenticationFilter@2613a6fc, org.springframework.security.web.savedrequest.RequestCacheAwareFilter@1775ff4a, org.springframework.security.web.servletapi.SecurityContextHolderAwareRequestFilter@463b865b, org.springframework.security.web.authentication.AnonymousAuthenticationFilter@1bd5577e, org.springframework.security.web.session.SessionManagementFilter@5d79fade, org.springframework.security.web.access.ExceptionTranslationFilter@6cd76b55, org.springframework.security.web.access.intercept.AuthorizationFilter@16a3060c]
2026-03-14T19:52:23.742+05:30  INFO 11096 --- [user-service] [           main] DiscoveryClientOptionalArgsConfiguration : Eureka HTTP Client uses RestTemplate.
2026-03-14T19:52:23.789+05:30  WARN 11096 --- [user-service] [           main] iguration$LoadBalancerCaffeineWarnLogger : Spring Cloud LoadBalancer is currently working with the default cache. While this cache implementation is useful for development and tests, it's recommended to use Caffeine cache in production.You can switch to using Caffeine cache, by adding it and org.springframework.cache.caffeine.CaffeineCacheManager to the classpath.
2026-03-14T19:52:23.898+05:30  INFO 11096 --- [user-service] [           main] o.s.c.n.eureka.InstanceInfoFactory       : Setting initial instance status as: STARTING
2026-03-14T19:52:23.976+05:30  INFO 11096 --- [user-service] [           main] com.netflix.discovery.DiscoveryClient    : Initializing Eureka in region us-east-1
2026-03-14T19:52:23.982+05:30  INFO 11096 --- [user-service] [           main] c.n.d.s.r.aws.ConfigClusterResolver      : Resolving eureka endpoints via configuration
2026-03-14T19:52:24.007+05:30  INFO 11096 --- [user-service] [           main] com.netflix.discovery.DiscoveryClient    : Disable delta property : false
2026-03-14T19:52:24.007+05:30  INFO 11096 --- [user-service] [           main] com.netflix.discovery.DiscoveryClient    : Single vip registry refresh property : null
2026-03-14T19:52:24.007+05:30  INFO 11096 --- [user-service] [           main] com.netflix.discovery.DiscoveryClient    : Force full registry fetch : false
2026-03-14T19:52:24.007+05:30  INFO 11096 --- [user-service] [           main] com.netflix.discovery.DiscoveryClient    : Application is null : false
2026-03-14T19:52:24.007+05:30  INFO 11096 --- [user-service] [           main] com.netflix.discovery.DiscoveryClient    : Registered Applications size is zero : true
2026-03-14T19:52:24.007+05:30  INFO 11096 --- [user-service] [           main] com.netflix.discovery.DiscoveryClient    : Application version is -1: true
2026-03-14T19:52:24.007+05:30  INFO 11096 --- [user-service] [           main] com.netflix.discovery.DiscoveryClient    : Getting all instance registry info from the eureka server
2026-03-14T19:52:24.200+05:30  INFO 11096 --- [user-service] [           main] com.netflix.discovery.DiscoveryClient    : The response status is 200
2026-03-14T19:52:24.203+05:30  INFO 11096 --- [user-service] [           main] com.netflix.discovery.DiscoveryClient    : Starting heartbeat executor: renew interval is: 30
2026-03-14T19:52:24.206+05:30  INFO 11096 --- [user-service] [           main] c.n.discovery.InstanceInfoReplicator     : InstanceInfoReplicator onDemand update allowed rate per min is 4
2026-03-14T19:52:24.209+05:30  INFO 11096 --- [user-service] [           main] com.netflix.discovery.DiscoveryClient    : Discovery Client initialized at timestamp 1773498144208 with initial instances count: 2
2026-03-14T19:52:24.214+05:30  INFO 11096 --- [user-service] [           main] o.s.c.n.e.s.EurekaServiceRegistry        : Registering application USER-SERVICE with eureka with status UP
2026-03-14T19:52:24.215+05:30  INFO 11096 --- [user-service] [           main] com.netflix.discovery.DiscoveryClient    : Saw local status change event StatusChangeEvent [timestamp=1773498144215, current=UP, previous=STARTING]
2026-03-14T19:52:24.217+05:30  INFO 11096 --- [user-service] [nfoReplicator-0] com.netflix.discovery.DiscoveryClient    : DiscoveryClient_USER-SERVICE/192.168.0.112:user-service:8081: registering service...
2026-03-14T19:52:24.241+05:30  INFO 11096 --- [user-service] [           main] o.s.b.w.embedded.tomcat.TomcatWebServer  : Tomcat started on port 8081 (http) with context path ''
2026-03-14T19:52:24.242+05:30  INFO 11096 --- [user-service] [           main] .s.c.n.e.s.EurekaAutoServiceRegistration : Updating port to 8081
2026-03-14T19:52:24.264+05:30  INFO 11096 --- [user-service] [nfoReplicator-0] com.netflix.discovery.DiscoveryClient    : DiscoveryClient_USER-SERVICE/192.168.0.112:user-service:8081 - registration status: 204
2026-03-14T19:52:24.385+05:30  INFO 11096 --- [user-service] [           main] o.r.r.u.UserServiceApplication           : Started UserServiceApplication in 14.519 seconds (process running for 15.034)
